Flutter crash report.
Please report a bug at https://github.com/flutter/flutter/issues.

## command

flutter run

## exception

PathNotFoundException: PathNotFoundException: Creation of temporary directory failed, path = 'C:\Users\ichi1\AppData\Local\Temp\flutter_tools.de994289\flutter_tools.' (OS Error: 指定されたパスが見つかりません。
, errno = 3)

```
#0      _Directory.createTempSync (dart:io/directory_impl.dart:175:7)
#1      ForwardingDirectory.createTempSync (package:file/src/forwarding/forwarding_directory.dart:28:21)
#2      ResidentWebRunner._generateEntrypoint (package:flutter_tools/src/isolated/resident_web_runner.dart:461:73)
#3      ResidentWebRunner._updateDevFS (package:flutter_tools/src/isolated/resident_web_runner.dart:523:22)
<asynchronous suspension>
#4      ResidentWebRunner.run.<anonymous closure> (package:flutter_tools/src/isolated/resident_web_runner.dart:308:41)
<asynchronous suspension>
#5      asyncGuard.<anonymous closure> (package:flutter_tools/src/base/async_guard.dart:111:24)
<asynchronous suspension>
```

## flutter doctor

```
[32m[✓][39m Flutter (Channel stable, 3.13.9, on Microsoft Windows [Version 10.0.22621.2428], locale ja-JP)
    [32m•[39m Flutter version 3.13.9 on channel stable at C:\src\flutter
    [32m•[39m Upstream repository https://github.com/flutter/flutter.git
    [32m•[39m Framework revision d211f42860 (3 weeks ago), 2023-10-25 13:42:25 -0700
    [32m•[39m Engine revision 0545f8705d
    [32m•[39m Dart version 3.1.5
    [32m•[39m DevTools version 2.25.0

[32m[✓][39m Windows Version (Installed version of Windows is version 10 or higher)

[32m[✓][39m Android toolchain - develop for Android devices (Android SDK version 34.0.0)
    [32m•[39m Android SDK at C:\Users\ichi1\AppData\Local\Android\sdk
    [32m•[39m Platform android-34, build-tools 34.0.0
    [32m•[39m Java binary at: C:\Program Files\Android\Android Studio\jbr\bin\java
    [32m•[39m Java version OpenJDK Runtime Environment (build 17.0.6+0-b2043.56-9586694)
    [32m•[39m All Android licenses accepted.

[32m[✓][39m Chrome - develop for the web
    [32m•[39m Chrome at C:\Program Files\Google\Chrome\Application\chrome.exe

[32m[✓][39m Visual Studio - develop Windows apps (Visual Studio Community 2022 17.5.3)
    [32m•[39m Visual Studio at C:\Program Files\Microsoft Visual Studio\2022\Community
    [32m•[39m Visual Studio Community 2022 version 17.5.33516.290
    [32m•[39m Windows 10 SDK version 10.0.22000.0

[32m[✓][39m Android Studio (version 2022.2)
    [32m•[39m Android Studio at C:\Program Files\Android\Android Studio
    [32m•[39m Flutter plugin can be installed from:
      🔨 https://plugins.jetbrains.com/plugin/9212-flutter
    [32m•[39m Dart plugin can be installed from:
      🔨 https://plugins.jetbrains.com/plugin/6351-dart
    [32m•[39m android-studio-dir = C:\Program Files\Android\Android Studio
    [32m•[39m Java version OpenJDK Runtime Environment (build 17.0.6+0-b2043.56-9586694)

[32m[✓][39m VS Code (version 1.84.2)
    [32m•[39m VS Code at C:\Users\ichi1\AppData\Local\Programs\Microsoft VS Code
    [32m•[39m Flutter extension version 3.76.0

[32m[✓][39m Connected device (3 available)
    [32m•[39m Windows (desktop) • windows • windows-x64    • Microsoft Windows [Version 10.0.22621.2428]
    [32m•[39m Chrome (web)      • chrome  • web-javascript • Google Chrome 119.0.6045.124
    [32m•[39m Edge (web)        • edge    • web-javascript • Microsoft Edge 119.0.2151.58

[32m[✓][39m Network resources
    [32m•[39m All expected network resources are available.

[32m•[39m No issues found!
```
